Started GET "/" for ::1 at 2021-01-09 23:25:35 +0200
  [1m[35m (2.7ms)[0m  [1m[34mSELECT sqlite_version(*)[0m
Processing by Rails::WelcomeController#index as HTML
  Rendering /home/dao/.rvm/gems/ruby-2.7.0/gems/railties-6.0.3.4/lib/rails/templates/rails/welcome/index.html.erb
  Rendered /home/dao/.rvm/gems/ruby-2.7.0/gems/railties-6.0.3.4/lib/rails/templates/rails/welcome/index.html.erb (Duration: 14.6ms | Allocations: 407)
Completed 200 OK in 33ms (Views: 23.1ms | ActiveRecord: 0.0ms | Allocations: 5058)


Started GET "/" for ::1 at 2021-01-09 23:30:27 +0200
  [1m[35m (0.4ms)[0m  [1m[34mSELECT sqlite_version(*)[0m
Processing by Rails::WelcomeController#index as HTML
  Rendering /home/dao/.rvm/gems/ruby-2.7.0/gems/railties-6.0.3.4/lib/rails/templates/rails/welcome/index.html.erb
  Rendered /home/dao/.rvm/gems/ruby-2.7.0/gems/railties-6.0.3.4/lib/rails/templates/rails/welcome/index.html.erb (Duration: 7.4ms | Allocations: 295)
Completed 200 OK in 19ms (Views: 10.9ms | ActiveRecord: 0.0ms | Allocations: 4201)


  [1m[35m (0.6ms)[0m  [1m[34mSELECT sqlite_version(*)[0m
  [1m[35m (27.8ms)[0m  [1m[35mCREATE TABLE "schema_migrations" ("version" varchar NOT NULL PRIMARY KEY)[0m
  [1m[35m (58.3ms)[0m  [1m[35mCREATE TABLE "ar_internal_metadata" ("key" varchar NOT NULL PRIMARY KEY, "value" varchar, "created_at" datetime(6) NOT NULL, "updated_at" datetime(6) NOT NULL)[0m
  [1m[35m (0.3ms)[0m  [1m[34mSELECT "schema_migrations"."version" FROM "schema_migrations" ORDER BY "schema_migrations"."version" ASC[0m
Migrating to CreateArticles (20210109213214)
  [1m[35m (0.1ms)[0m  [1m[36mbegin transaction[0m
  [1m[35m (0.6ms)[0m  [1m[35mCREATE TABLE "articles" ("id" integer PRIMARY KEY AUTOINCREMENT NOT NULL, "title" varchar, "text" text, "created_at" datetime(6) NOT NULL, "updated_at" datetime(6) NOT NULL)[0m
  [1m[36mprimary::SchemaMigration Create (0.3ms)[0m  [1m[32mINSERT INTO "schema_migrations" ("version") VALUES (?)[0m  [["version", "20210109213214"]]
  [1m[35m (48.5ms)[0m  [1m[36mcommit transaction[0m
  [1m[36mActiveRecord::InternalMetadata Load (0.2ms)[0m  [1m[34mSELECT "ar_internal_metadata".* FROM "ar_internal_metadata" WHERE "ar_internal_metadata"."key" = ? LIMIT ?[0m  [["key", "environment"], ["LIMIT", 1]]
  [1m[35m (0.1ms)[0m  [1m[36mbegin transaction[0m
  [1m[36mActiveRecord::InternalMetadata Create (3.1ms)[0m  [1m[32mINSERT INTO "ar_internal_metadata" ("key", "value", "created_at", "updated_at") VALUES (?, ?, ?, ?)[0m  [["key", "environment"], ["value", "development"], ["created_at", "2021-01-09 21:32:51.413690"], ["updated_at", "2021-01-09 21:32:51.413690"]]
  [1m[35m (24.8ms)[0m  [1m[36mcommit transaction[0m
  [1m[35m (0.1ms)[0m  [1m[34mSELECT sqlite_version(*)[0m
  [1m[35m (0.2ms)[0m  [1m[34mSELECT "schema_migrations"."version" FROM "schema_migrations" ORDER BY "schema_migrations"."version" ASC[0m
Started GET "/articles" for ::1 at 2021-01-09 23:39:59 +0200
  [1m[35m (0.1ms)[0m  [1m[34mSELECT sqlite_version(*)[0m
  [1m[35m (0.2ms)[0m  [1m[34mSELECT "schema_migrations"."version" FROM "schema_migrations" ORDER BY "schema_migrations"."version" ASC[0m
Processing by ArticlesController#index as HTML
  Rendering articles/index.html.erb within layouts/application
  [1m[36mArticle Load (0.2ms)[0m  [1m[34mSELECT "articles".* FROM "articles"[0m
  ↳ app/views/articles/index.html.erb:7
  Rendered articles/index.html.erb within layouts/application (Duration: 4.4ms | Allocations: 1191)
[Webpacker] Compiling...
[Webpacker] Compiled all packs in /home/dao/dev/blog_ruby/public/packs
[Webpacker] Hash: 76145d9ce4575ebaa29b
Version: webpack 4.45.0
Time: 2496ms
Built at: 09/01/2021 23:40:04
                                     Asset       Size       Chunks                         Chunk Names
    js/application-c229f7c7014cf8c8d494.js    124 KiB  application  [emitted] [immutable]  application
js/application-c229f7c7014cf8c8d494.js.map    139 KiB  application  [emitted] [dev]        application
                             manifest.json  364 bytes               [emitted]              
Entrypoint application = js/application-c229f7c7014cf8c8d494.js js/application-c229f7c7014cf8c8d494.js.map
[./app/javascript/channels sync recursive _channel\.js$] ./app/javascript/channels sync _channel\.js$ 160 bytes {application} [built]
[./app/javascript/channels/index.js] 211 bytes {application} [built]
[./app/javascript/packs/application.js] 749 bytes {application} [built]
[./node_modules/webpack/buildin/module.js] (webpack)/buildin/module.js 552 bytes {application} [built]
    + 3 hidden modules

Completed 200 OK in 5155ms (Views: 5147.3ms | ActiveRecord: 0.7ms | Allocations: 21991)


Started GET "/articles/new" for ::1 at 2021-01-09 23:40:14 +0200
Processing by ArticlesController#new as HTML
  Rendering articles/new.html.erb within layouts/application
  Rendered articles/new.html.erb within layouts/application (Duration: 17.0ms | Allocations: 3919)
[Webpacker] Everything's up-to-date. Nothing to do
Completed 200 OK in 28ms (Views: 26.1ms | ActiveRecord: 0.0ms | Allocations: 7421)


Started POST "/articles" for ::1 at 2021-01-09 23:40:20 +0200
Processing by ArticlesController#create as HTML
  Parameters: {"authenticity_token"=>"LfFhyg5mZjMdnXBSimx4BKPeoB4GNFu8z2Mf7ipTYLEPfUlmHl8qaIJg7dYzxPURw9NST2jOLu2NdEVuN4OI2w==", "article"=>{"title"=>"111", "text"=>"1111"}, "commit"=>"Save Article"}
  [1m[35m (0.1ms)[0m  [1m[36mbegin transaction[0m
  ↳ app/controllers/articles_controller.rb:8:in `create'
  [1m[36mArticle Create (0.5ms)[0m  [1m[32mINSERT INTO "articles" ("title", "text", "created_at", "updated_at") VALUES (?, ?, ?, ?)[0m  [["title", "111"], ["text", "1111"], ["created_at", "2021-01-09 21:40:20.983124"], ["updated_at", "2021-01-09 21:40:20.983124"]]
  ↳ app/controllers/articles_controller.rb:8:in `create'
  [1m[35m (19.9ms)[0m  [1m[36mcommit transaction[0m
  ↳ app/controllers/articles_controller.rb:8:in `create'
Redirected to http://localhost:3000/articles/1
Completed 302 Found in 37ms (ActiveRecord: 20.8ms | Allocations: 7823)


Started GET "/articles/1" for ::1 at 2021-01-09 23:40:21 +0200
Processing by ArticlesController#show as HTML
  Parameters: {"id"=>"1"}
  [1m[36mArticle Load (0.2ms)[0m  [1m[34mSELECT "articles".* FROM "articles" WHERE "articles"."id" = ? LIMIT ?[0m  [["id", 1], ["LIMIT", 1]]
  ↳ app/controllers/articles_controller.rb:16:in `show'
  Rendering articles/show.html.erb within layouts/application
  Rendered articles/show.html.erb within layouts/application (Duration: 0.5ms | Allocations: 120)
[Webpacker] Everything's up-to-date. Nothing to do
Completed 200 OK in 11ms (Views: 6.9ms | ActiveRecord: 0.2ms | Allocations: 4560)


Started GET "/articles" for ::1 at 2021-01-09 23:40:27 +0200
Processing by ArticlesController#index as HTML
  Rendering articles/index.html.erb within layouts/application
  [1m[36mArticle Load (0.2ms)[0m  [1m[34mSELECT "articles".* FROM "articles"[0m
  ↳ app/views/articles/index.html.erb:7
  Rendered articles/index.html.erb within layouts/application (Duration: 3.2ms | Allocations: 685)
[Webpacker] Everything's up-to-date. Nothing to do
Completed 200 OK in 12ms (Views: 10.2ms | ActiveRecord: 0.2ms | Allocations: 4090)


Started GET "/articles/1" for ::1 at 2021-01-09 23:40:34 +0200
Processing by ArticlesController#show as HTML
  Parameters: {"id"=>"1"}
  [1m[36mArticle Load (0.2ms)[0m  [1m[34mSELECT "articles".* FROM "articles" WHERE "articles"."id" = ? LIMIT ?[0m  [["id", 1], ["LIMIT", 1]]
  ↳ app/controllers/articles_controller.rb:16:in `show'
  Rendering articles/show.html.erb within layouts/application
  Rendered articles/show.html.erb within layouts/application (Duration: 0.1ms | Allocations: 10)
[Webpacker] Everything's up-to-date. Nothing to do
Completed 200 OK in 10ms (Views: 7.2ms | ActiveRecord: 0.2ms | Allocations: 3905)


